<?xml version="1.0" encoding="UTF-8"?>
<testng-results ignored="0" total="5" passed="4" failed="1" skipped="0">
  <reporter-output>
  </reporter-output>
  <suite started-at="2025-05-31T15:09:42 ART" name="Default suite" finished-at="2025-05-31T15:11:48 ART" duration-ms="126825">
    <groups>
    </groups>
    <test started-at="2025-05-31T15:09:42 ART" name="Default test" finished-at="2025-05-31T15:11:48 ART" duration-ms="126825">
      <class name="com.insight.automation.tests.LoginAndRegisterPatient">
        <test-method is-config="true" signature="setup()[pri:0, instance:com.insight.automation.tests.LoginAndRegisterPatient@4c402120]" started-at="2025-05-31T15:09:42 ART" name="setup" finished-at="2025-05-31T15:09:46 ART" duration-ms="4747" status="PASS">
          <reporter-output>
          </reporter-output>
        </test-method> <!-- setup -->
        <test-method signature="userLoginAndRegisterPatientTest(java.lang.String,java.lang.String,java.lang.String)[pri:0, instance:com.insight.automation.tests.LoginAndRegisterPatient@4c402120]" started-at="2025-05-31T15:09:46 ART" name="userLoginAndRegisterPatientTest" data-provider="loginData" finished-at="2025-05-31T15:10:03 ART" duration-ms="16570" status="PASS">
          <params>
            <param index="0">
              <value>
                <![CDATA[brit1987@cuvox.de]]>
              </value>
            </param>
            <param index="1">
              <value>
                <![CDATA[Bele_4557@]]>
              </value>
            </param>
            <param index="2">
              <value>
                <![CDATA[Belé Lino]]>
              </value>
            </param>
          </params>
          <reporter-output>
          </reporter-output>
        </test-method> <!-- userLoginAndRegisterPatientTest -->
        <test-method is-config="true" signature="tearDown()[pri:0, instance:com.insight.automation.tests.LoginAndRegisterPatient@4c402120]" started-at="2025-05-31T15:10:03 ART" name="tearDown" finished-at="2025-05-31T15:10:05 ART" duration-ms="2187" status="PASS">
          <reporter-output>
          </reporter-output>
        </test-method> <!-- tearDown -->
        <test-method is-config="true" signature="setup()[pri:0, instance:com.insight.automation.tests.LoginAndRegisterPatient@4c402120]" started-at="2025-05-31T15:10:05 ART" name="setup" finished-at="2025-05-31T15:10:08 ART" duration-ms="2730" status="PASS">
          <reporter-output>
          </reporter-output>
        </test-method> <!-- setup -->
        <test-method signature="userLoginAndRegisterPatientTest(java.lang.String,java.lang.String,java.lang.String)[pri:0, instance:com.insight.automation.tests.LoginAndRegisterPatient@4c402120]" started-at="2025-05-31T15:10:08 ART" name="userLoginAndRegisterPatientTest" data-provider="loginData" finished-at="2025-05-31T15:10:25 ART" duration-ms="16949" status="PASS">
          <params>
            <param index="0">
              <value>
                <![CDATA[meas1984@teleworm.us]]>
              </value>
            </param>
            <param index="1">
              <value>
                <![CDATA[Lucas-7557@]]>
              </value>
            </param>
            <param index="2">
              <value>
                <![CDATA[Lucas Dunas]]>
              </value>
            </param>
          </params>
          <reporter-output>
          </reporter-output>
        </test-method> <!-- userLoginAndRegisterPatientTest -->
        <test-method is-config="true" signature="tearDown()[pri:0, instance:com.insight.automation.tests.LoginAndRegisterPatient@4c402120]" started-at="2025-05-31T15:10:25 ART" name="tearDown" finished-at="2025-05-31T15:10:27 ART" duration-ms="2181" status="PASS">
          <reporter-output>
          </reporter-output>
        </test-method> <!-- tearDown -->
        <test-method is-config="true" signature="setup()[pri:0, instance:com.insight.automation.tests.LoginAndRegisterPatient@4c402120]" started-at="2025-05-31T15:10:27 ART" name="setup" finished-at="2025-05-31T15:10:29 ART" duration-ms="2155" status="PASS">
          <reporter-output>
          </reporter-output>
        </test-method> <!-- setup -->
        <test-method signature="userLoginAndRegisterPatientTest(java.lang.String,java.lang.String,java.lang.String)[pri:0, instance:com.insight.automation.tests.LoginAndRegisterPatient@4c402120]" started-at="2025-05-31T15:10:29 ART" name="userLoginAndRegisterPatientTest" data-provider="loginData" finished-at="2025-05-31T15:10:46 ART" duration-ms="16893" status="PASS">
          <params>
            <param index="0">
              <value>
                <![CDATA[licaria56@einrot.com]]>
              </value>
            </param>
            <param index="1">
              <value>
                <![CDATA[fatima!7557A@]]>
              </value>
            </param>
            <param index="2">
              <value>
                <![CDATA[Fatima Alicia Del Valle]]>
              </value>
            </param>
          </params>
          <reporter-output>
          </reporter-output>
        </test-method> <!-- userLoginAndRegisterPatientTest -->
        <test-method is-config="true" signature="tearDown()[pri:0, instance:com.insight.automation.tests.LoginAndRegisterPatient@4c402120]" started-at="2025-05-31T15:10:46 ART" name="tearDown" finished-at="2025-05-31T15:10:48 ART" duration-ms="2247" status="PASS">
          <reporter-output>
          </reporter-output>
        </test-method> <!-- tearDown -->
        <test-method is-config="true" signature="setup()[pri:0, instance:com.insight.automation.tests.LoginAndRegisterPatient@4c402120]" started-at="2025-05-31T15:10:48 ART" name="setup" finished-at="2025-05-31T15:10:51 ART" duration-ms="2558" status="PASS">
          <reporter-output>
          </reporter-output>
        </test-method> <!-- setup -->
        <test-method signature="userLoginAndRegisterPatientTest(java.lang.String,java.lang.String,java.lang.String)[pri:0, instance:com.insight.automation.tests.LoginAndRegisterPatient@4c402120]" started-at="2025-05-31T15:10:51 ART" name="userLoginAndRegisterPatientTest" data-provider="loginData" finished-at="2025-05-31T15:11:27 ART" duration-ms="36192" status="FAIL">
          <params>
            <param index="0">
              <value>
                <![CDATA[thentime1990@teleworm.us]]>
              </value>
            </param>
            <param index="1">
              <value>
                <![CDATA[gaticaJ!7557A*]]>
              </value>
            </param>
            <param index="2">
              <value>
                <![CDATA[Jorge Gatíca]]>
              </value>
            </param>
          </params>
          <exception class="org.openqa.selenium.TimeoutException">
            <message>
              <![CDATA[Expected condition failed: waiting for url to contain "https://insight-tywa.onrender.com/dashboard/patientlist". Current url: "https://insight-tywa.onrender.com/dashboard/newpatient" (tried for 20 second(s) with 500 milliseconds interval)
Build info: version: '4.20.0', revision: '866c76ca80'
System info: os.name: 'Windows 10', os.arch: 'amd64', os.version: '10.0', java.version: '17.0.5'
Driver info: org.openqa.selenium.chrome.ChromeDriver
Capabilities {acceptInsecureCerts: false, browserName: chrome, browserVersion: 137.0.7151.56, chrome: {chromedriverVersion: 137.0.7151.55 (254bc711794d..., userDataDir: C:\Users\La chancha\AppData...}, fedcm:accounts: true, goog:chromeOptions: {debuggerAddress: localhost:58686}, networkConnectionEnabled: false, pageLoadStrategy: normal, platformName: windows, proxy: Proxy(), se:cdp: ws://localhost:58686/devtoo..., se:cdpVersion: 137.0.7151.56, setWindowRect: true, strictFileInteractability: false, timeouts: {implicit: 0, pageLoad: 300000, script: 30000}, unhandledPromptBehavior: dismiss and notify, webauthn:extension:credBlob: true, webauthn:extension:largeBlob: true, webauthn:extension:minPinLength: true, webauthn:extension:prf: true, webauthn:virtualAuthenticators: true}
Session ID: 43177e43339953d0272f10a9530314b2]]>
            </message>
            <full-stacktrace>
              <![CDATA[org.openqa.selenium.TimeoutException: Expected condition failed: waiting for url to contain "https://insight-tywa.onrender.com/dashboard/patientlist". Current url: "https://insight-tywa.onrender.com/dashboard/newpatient" (tried for 20 second(s) with 500 milliseconds interval)
Build info: version: '4.20.0', revision: '866c76ca80'
System info: os.name: 'Windows 10', os.arch: 'amd64', os.version: '10.0', java.version: '17.0.5'
Driver info: org.openqa.selenium.chrome.ChromeDriver
Capabilities {acceptInsecureCerts: false, browserName: chrome, browserVersion: 137.0.7151.56, chrome: {chromedriverVersion: 137.0.7151.55 (254bc711794d..., userDataDir: C:\Users\La chancha\AppData...}, fedcm:accounts: true, goog:chromeOptions: {debuggerAddress: localhost:58686}, networkConnectionEnabled: false, pageLoadStrategy: normal, platformName: windows, proxy: Proxy(), se:cdp: ws://localhost:58686/devtoo..., se:cdpVersion: 137.0.7151.56, setWindowRect: true, strictFileInteractability: false, timeouts: {implicit: 0, pageLoad: 300000, script: 30000}, unhandledPromptBehavior: dismiss and notify, webauthn:extension:credBlob: true, webauthn:extension:largeBlob: true, webauthn:extension:minPinLength: true, webauthn:extension:prf: true, webauthn:virtualAuthenticators: true}
Session ID: 43177e43339953d0272f10a9530314b2
at org.openqa.selenium.support.ui.WebDriverWait.timeoutException(WebDriverWait.java:84)
at org.openqa.selenium.support.ui.FluentWait.until(FluentWait.java:228)
at com.insight.automation.tests.LoginAndRegisterPatient.userLoginAndRegisterPatientTest(LoginAndRegisterPatient.java:90)
at java.base/jdk.internal.reflect.NativeMethodAccessorImpl.invoke0(Native Method)
at java.base/jdk.internal.reflect.NativeMethodAccessorImpl.invoke(NativeMethodAccessorImpl.java:77)
at java.base/jdk.internal.reflect.DelegatingMethodAccessorImpl.invoke(DelegatingMethodAccessorImpl.java:43)
at java.base/java.lang.reflect.Method.invoke(Method.java:568)
at org.testng.internal.invokers.MethodInvocationHelper.invokeMethod(MethodInvocationHelper.java:141)
at org.testng.internal.invokers.TestInvoker.invokeMethod(TestInvoker.java:686)
at org.testng.internal.invokers.TestInvoker.invokeTestMethod(TestInvoker.java:230)
at org.testng.internal.invokers.MethodRunner.runInSequence(MethodRunner.java:63)
at org.testng.internal.invokers.TestInvoker$MethodInvocationAgent.invoke(TestInvoker.java:992)
at org.testng.internal.invokers.TestInvoker.invokeTestMethods(TestInvoker.java:203)
at org.testng.internal.invokers.TestMethodWorker.invokeTestMethods(TestMethodWorker.java:154)
at org.testng.internal.invokers.TestMethodWorker.run(TestMethodWorker.java:134)
at java.base/java.util.ArrayList.forEach(ArrayList.java:1511)
at org.testng.TestRunner.privateRun(TestRunner.java:739)
at org.testng.TestRunner.run(TestRunner.java:614)
at org.testng.SuiteRunner.runTest(SuiteRunner.java:421)
at org.testng.SuiteRunner.runSequentially(SuiteRunner.java:413)
at org.testng.SuiteRunner.privateRun(SuiteRunner.java:373)
at org.testng.SuiteRunner.run(SuiteRunner.java:312)
at org.testng.SuiteRunnerWorker.runSuite(SuiteRunnerWorker.java:52)
at org.testng.SuiteRunnerWorker.run(SuiteRunnerWorker.java:95)
at org.testng.TestNG.runSuitesSequentially(TestNG.java:1274)
at org.testng.TestNG.runSuitesLocally(TestNG.java:1208)
at org.testng.TestNG.runSuites(TestNG.java:1112)
at org.testng.TestNG.run(TestNG.java:1079)
at org.testng.remote.AbstractRemoteTestNG.run(AbstractRemoteTestNG.java:115)
at org.testng.remote.RemoteTestNG.initAndRun(RemoteTestNG.java:293)
at org.testng.remote.RemoteTestNG.main(RemoteTestNG.java:91)
]]>
            </full-stacktrace>
          </exception> <!-- org.openqa.selenium.TimeoutException -->
          <reporter-output>
          </reporter-output>
        </test-method> <!-- userLoginAndRegisterPatientTest -->
        <test-method is-config="true" signature="tearDown()[pri:0, instance:com.insight.automation.tests.LoginAndRegisterPatient@4c402120]" started-at="2025-05-31T15:11:27 ART" name="tearDown" finished-at="2025-05-31T15:11:29 ART" duration-ms="2178" status="PASS">
          <reporter-output>
          </reporter-output>
        </test-method> <!-- tearDown -->
        <test-method is-config="true" signature="setup()[pri:0, instance:com.insight.automation.tests.LoginAndRegisterPatient@4c402120]" started-at="2025-05-31T15:11:29 ART" name="setup" finished-at="2025-05-31T15:11:31 ART" duration-ms="1998" status="PASS">
          <reporter-output>
          </reporter-output>
        </test-method> <!-- setup -->
        <test-method signature="userLoginAndRegisterPatientTest(java.lang.String,java.lang.String,java.lang.String)[pri:0, instance:com.insight.automation.tests.LoginAndRegisterPatient@4c402120]" started-at="2025-05-31T15:11:31 ART" name="userLoginAndRegisterPatientTest" data-provider="loginData" finished-at="2025-05-31T15:11:46 ART" duration-ms="14948" status="PASS">
          <params>
            <param index="0">
              <value>
                <![CDATA[jact1963@superrito.com]]>
              </value>
            </param>
            <param index="1">
              <value>
                <![CDATA[FLORes@7557A^%]]>
              </value>
            </param>
            <param index="2">
              <value>
                <![CDATA[André Flores]]>
              </value>
            </param>
          </params>
          <reporter-output>
          </reporter-output>
        </test-method> <!-- userLoginAndRegisterPatientTest -->
        <test-method is-config="true" signature="tearDown()[pri:0, instance:com.insight.automation.tests.LoginAndRegisterPatient@4c402120]" started-at="2025-05-31T15:11:46 ART" name="tearDown" finished-at="2025-05-31T15:11:48 ART" duration-ms="2189" status="PASS">
          <reporter-output>
          </reporter-output>
        </test-method> <!-- tearDown -->
      </class> <!-- com.insight.automation.tests.LoginAndRegisterPatient -->
    </test> <!-- Default test -->
  </suite> <!-- Default suite -->
</testng-results>
