<?xml version="1.0" encoding="UTF-8"?>
<!-- Generated by org.testng.reporters.JUnitXMLReporter -->
<testsuite ignored="0" hostname="DESKTOP-QLQSIJ5" failures="0" tests="5" name="PruebaLoginUsuarios" time="45.83" errors="0" timestamp="2025-05-30T17:27:22 ART">
  <testcase classname="com.insight.automation.tests.LoginUserTest" name="userLoguinSuccessful" time="0.892"/>
  <testcase classname="com.insight.automation.tests.LoginUserTest" name="userLoguinSuccessful" time="0.816"/>
  <testcase classname="com.insight.automation.tests.LoginUserTest" name="userLoguinSuccessful" time="0.864"/>
  <testcase classname="com.insight.automation.tests.LoginUserTest" name="userLoguinSuccessful" time="0.865"/>
  <testcase classname="com.insight.automation.tests.LoginUserTest" name="userLoguinSuccessful" time="0.768"/>
</testsuite> <!-- PruebaLoginUsuarios -->
